
Showing logs for build [32mcb-kubecd-environment-pr-192-77-vp99r-1[0m stage [32mfrom-build-pack[0m and container [32mstep-credential-initializer-fncwc[0m
{"level":"warn","ts":1585802252.7937357,"logger":"fallback-logger","caller":"logging/config.go:69","msg":"Fetch GitHub commit ID from kodata failed: \"ref: refs/heads/0.8.0-**-support-backwards-incompats\" is not a valid GitHub commit ID"}
{"level":"info","ts":1585802252.7947881,"logger":"fallback-logger","caller":"creds-init/main.go:40","msg":"Credentials initialized."}

Showing logs for build [32mcb-kubecd-environment-pr-192-77-vp99r-1[0m stage [32mfrom-build-pack[0m and container [32mstep-working-dir-initializer-82vll[0m
{"level":"warn","ts":1585802253.4587593,"logger":"fallback-logger","caller":"logging/config.go:69","msg":"Fetch GitHub commit ID from kodata failed: open /var/run/ko/HEAD: no such file or directory"}
{"level":"info","ts":1585802253.4616811,"logger":"fallback-logger","caller":"bash/main.go:64","msg":"Successfully executed command \"sh -c mkdir -p /workspace/source\"; output "}

Showing logs for build [32mcb-kubecd-environment-pr-192-77-vp99r-1[0m stage [32mfrom-build-pack[0m and container [32mstep-place-tools[0m

Showing logs for build [32mcb-kubecd-environment-pr-192-77-vp99r-1[0m stage [32mfrom-build-pack[0m and container [32mstep-git-source-cb-kubecd-environment-pr-192-77-vp99r-hvzf4[0m
{"level":"warn","ts":1585802257.798028,"logger":"fallback-logger","caller":"logging/config.go:69","msg":"Fetch GitHub commit ID from kodata failed: \"ref: refs/heads/0.8.0-**-support-backwards-incompats\" is not a valid GitHub commit ID"}
{"level":"info","ts":1585802258.8091505,"logger":"fallback-logger","caller":"git/git.go:103","msg":"Successfully cloned https://github.com/cb-kubecd/environment-pr-192-77-boot-gke-production.git @ master in path /workspace/source"}

Showing logs for build [32mcb-kubecd-environment-pr-192-77-vp99r-1[0m stage [32mfrom-build-pack[0m and container [32mstep-git-merge[0m
Using SHAs from PULL_REFS=master:6ad13692cad8945e30f4998f203329fbd0fe04e8,1:b4e4c3d9899b724b669666ad2dffbc37eff848e5
DEBUG: LC_ALL=C JX_LOG_LEVEL=error git fetch origin --unshallow b4e4c3d9899b724b669666ad2dffbc37eff848e5: 6ad13692cad8945e30f4998f203329fbd0fe04e8:
DEBUG: ran git fetch --unshallow origin b4e4c3d9899b724b669666ad2dffbc37eff848e5: 6ad13692cad8945e30f4998f203329fbd0fe04e8: in 
DEBUG: LC_ALL=C JX_LOG_LEVEL=error git branch
DEBUG: JX_LOG_LEVEL=error LC_ALL=C git checkout master
DEBUG: ran git checkout master in 
DEBUG: LC_ALL=C JX_LOG_LEVEL=error git reset --hard 6ad13692cad8945e30f4998f203329fbd0fe04e8
DEBUG: ran git reset --hard 6ad13692cad8945e30f4998f203329fbd0fe04e8 in 
DEBUG: LC_ALL=C JX_LOG_LEVEL=error git clean -fd .
DEBUG: ran clean --force -d . in 
DEBUG: LC_ALL=C JX_LOG_LEVEL=error git merge b4e4c3d9899b724b669666ad2dffbc37eff848e5
DEBUG: ran git merge b4e4c3d9899b724b669666ad2dffbc37eff848e5 in 
DEBUG: LC_ALL=C JX_LOG_LEVEL=error git log --format=%H%x1f%an%x1f%ae%x1f%cn%x1f%ce%x1f%s%n%b%x1e 6ad13692cad8945e30f4998f203329fbd0fe04e8..HEAD
Merged SHA b4e4c3d9899b724b669666ad2dffbc37eff848e5 with commit message 'chore: Promote bdd-spring-1585801410 to version 0.0.1' into base branch master

Showing logs for build [32mcb-kubecd-environment-pr-192-77-vp99r-1[0m stage [32mfrom-build-pack[0m and container [32mstep-build-helm-build[0m
WARNING: No $CHART_REPOSITORY defined so using the default value of: http://jenkins-x-chartmuseum:8080
Adding missing Helm repo: storage.googleapis.com https://storage.googleapis.com/chartmuseum.jenkins-x.io
WARNING: No secrets found on "helm/repos" due: reading the secret "helm/repos" from vault: no secret "helm/repos" not found in vault
Read credentials for https://storage.googleapis.com/chartmuseum.jenkins-x.io from vault helm/repos
Successfully added Helm repository storage.googleapis.com.
Adding missing Helm repo: jenkins-x-chartmuseum http://jenkins-x-chartmuseum:8080
WARNING: No secrets found on "helm/repos" due: reading the secret "helm/repos" from vault: no secret "helm/repos" not found in vault
Read credentials for http://jenkins-x-chartmuseum:8080 from vault helm/repos
Successfully added Helm repository jenkins-x-chartmuseum.
WARNING: No $CHART_REPOSITORY defined so using the default value of: http://jenkins-x-chartmuseum:8080
Adding missing Helm repo: chartmuseum.jenkins-x.io http://chartmuseum.jenkins-x.io
WARNING: No secrets found on "helm/repos" due: reading the secret "helm/repos" from vault: no secret "helm/repos" not found in vault
Read credentials for http://chartmuseum.jenkins-x.io from vault helm/repos
Successfully added Helm repository chartmuseum.jenkins-x.io.
